<?xml version="1.0" encoding="UTF-8"?>
<testng-results skipped="0" failed="0" ignored="0" total="1" passed="1">
  <reporter-output>
  </reporter-output>
  <suite name="Default suite" duration-ms="8420" started-at="2019-03-07T09:51:15Z" finished-at="2019-03-07T09:51:23Z">
    <groups>
    </groups>
    <test name="Default test" duration-ms="8420" started-at="2019-03-07T09:51:15Z" finished-at="2019-03-07T09:51:23Z">
      <class name="mavenProject.Google">
        <test-method status="PASS" signature="beforeTest()[pri:0, instance:mavenProject.Google@7c16905e]" name="beforeTest" is-config="true" duration-ms="6861" started-at="2019-03-07T15:21:15Z" finished-at="2019-03-07T15:21:22Z">
          <reporter-output>
          </reporter-output>
        </test-method> <!-- beforeTest -->
        <test-method status="PASS" signature="f()[pri:0, instance:mavenProject.Google@7c16905e]" name="f" duration-ms="26" started-at="2019-03-07T15:21:22Z" finished-at="2019-03-07T15:21:22Z">
          <reporter-output>
          </reporter-output>
        </test-method> <!-- f -->
        <test-method status="PASS" signature="afterTest()[pri:0, instance:mavenProject.Google@7c16905e]" name="afterTest" is-config="true" duration-ms="1495" started-at="2019-03-07T15:21:22Z" finished-at="2019-03-07T15:21:23Z">
          <reporter-output>
          </reporter-output>
        </test-method> <!-- afterTest -->
      </class> <!-- mavenProject.Google -->
    </test> <!-- Default test -->
  </suite> <!-- Default suite -->
</testng-results>
